<?xml version="1.0" encoding="UTF-8"?>
<testsuite xmlns:xsi="http://www.w3.org/2001/XMLSchema-instance" xsi:noNamespaceSchemaLocation="https://maven.apache.org/surefire/maven-surefire-plugin/xsd/surefire-test-report-3.0.xsd" version="3.0" name="com.bite.user.RabbitMQTest" time="0.099" tests="1" errors="0" skipped="0" failures="0">
  <properties>
[...]
</properties>
  <testcase name="send" classname="com.bite.user.RabbitMQTest" time="0.087">
    <system-out><![CDATA[2025-03-25T21:31:02.730+08:00  INFO 22900 --- [           main] t.c.s.AnnotationConfigContextLoaderUtils : Could not detect default configuration classes for test class [com.bite.user.RabbitMQTest]: RabbitMQTest does not declare any static, non-private, non-final, nested classes annotated with @Configuration.
2025-03-25T21:31:02.732+08:00  INFO 22900 --- [           main] .b.t.c.SpringBootTestContextBootstrapper : Found @SpringBootConfiguration com.bite.user.UserServiceApplication for test class com.bite.user.RabbitMQTest
]]></system-out>
  </testcase>
</testsuite>