<?xml version="1.0" encoding="UTF-8"?>
<testsuite xmlns:xsi="http://www.w3.org/2001/XMLSchema-instance" xsi:noNamespaceSchemaLocation="https://maven.apache.org/surefire/maven-surefire-plugin/xsd/surefire-test-report-3.0.xsd" version="3.0" name="com.bite.common.utils.JWTUtilsTest" time="0.42" tests="1" errors="0" skipped="0" failures="0">
  <properties>
[...]
</properties>
  <testcase name="genJwt" classname="com.bite.common.utils.JWTUtilsTest" time="0.403">
    <system-out><![CDATA[eyJhbGciOiJIUzI1NiJ9.eyJuYW1lIjoiemhhbmdzYW4iLCJpZCI6MSwiaWF0IjoxNzQyOTA5NDI0LCJleHAiOjE3NDI5MTEyMjR9.2ZWx_xTdORZ5OTU9ol8s0L11h7JpKfFWRcylxfOYZEk
]]></system-out>
  </testcase>
</testsuite>